This is pdfTeX, Version 3.14159265-2.6-1.40.16 (TeX Live 2015/Arch Linux) (preloaded format=pdflatex 2015.10.20)  28 NOV 2015 16:14
entering extended mode
 restricted \write18 enabled.
 file:line:error style messages enabled.
 %&-line parsing enabled.
**verslag.tex
(./verslag.tex
LaTeX2e <2015/01/01>
Babel <3.9l> and hyphenation patterns for 79 languages loaded.
(/usr/share/texmf-dist/tex/latex/base/article.cls
Document Class: article 2014/09/29 v1.4h Standard LaTeX document class
(/usr/share/texmf-dist/tex/latex/base/size12.clo
File: size12.clo 2014/09/29 v1.4h Standard LaTeX file (size option)
)
\c@part=\count79
\c@section=\count80
\c@subsection=\count81
\c@subsubsection=\count82
\c@paragraph=\count83
\c@subparagraph=\count84
\c@figure=\count85
\c@table=\count86
\abovecaptionskip=\skip41
\belowcaptionskip=\skip42
\bibindent=\dimen102
)
(/usr/share/texmf-dist/tex/latex/ms/ragged2e.sty
Package: ragged2e 2009/05/21 v2.1 ragged2e Package (MS)

(/usr/share/texmf-dist/tex/latex/ms/everysel.sty
Package: everysel 2011/10/28 v1.2 EverySelectfont Package (MS)
)
(/usr/share/texmf-dist/tex/latex/footmisc/footmisc.sty
Package: footmisc 2011/06/06 v5.5b a miscellany of footnote facilities
\FN@temptoken=\toks14
\footnotemargin=\dimen103
\c@pp@next@reset=\count87
Package footmisc Info: Declaring symbol style bringhurst on input line 855.
Package footmisc Info: Declaring symbol style chicago on input line 863.
Package footmisc Info: Declaring symbol style wiley on input line 872.
Package footmisc Info: Declaring symbol style lamport-robust on input line 883.

Package footmisc Info: Declaring symbol style lamport* on input line 903.
Package footmisc Info: Declaring symbol style lamport*-robust on input line 924
.
)
\CenteringLeftskip=\skip43
\RaggedLeftLeftskip=\skip44
\RaggedRightLeftskip=\skip45
\CenteringRightskip=\skip46
\RaggedLeftRightskip=\skip47
\RaggedRightRightskip=\skip48
\CenteringParfillskip=\skip49
\RaggedLeftParfillskip=\skip50
\RaggedRightParfillskip=\skip51
\JustifyingParfillskip=\skip52
\CenteringParindent=\skip53
\RaggedLeftParindent=\skip54
\RaggedRightParindent=\skip55
\JustifyingParindent=\skip56
)
(/usr/share/texmf-dist/tex/latex/base/inputenc.sty
Package: inputenc 2015/03/17 v1.2c Input encoding file
\inpenc@prehook=\toks15
\inpenc@posthook=\toks16

(/usr/share/texmf-dist/tex/latex/base/utf8.def
File: utf8.def 2014/09/29 v1.1m UTF-8 support for inputenc
Now handling font encoding OML ...
... no UTF-8 mapping file for font encoding OML
Now handling font encoding T1 ...
... processing UTF-8 mapping file for font encoding T1

(/usr/share/texmf-dist/tex/latex/base/t1enc.dfu
File: t1enc.dfu 2014/09/29 v1.1m UTF-8 support for inputenc
   defining Unicode char U+00A1 (decimal 161)
   defining Unicode char U+00A3 (decimal 163)
   defining Unicode char U+00AB (decimal 171)
   defining Unicode char U+00BB (decimal 187)
   defining Unicode char U+00BF (decimal 191)
   defining Unicode char U+00C0 (decimal 192)
   defining Unicode char U+00C1 (decimal 193)
   defining Unicode char U+00C2 (decimal 194)
   defining Unicode char U+00C3 (decimal 195)
   defining Unicode char U+00C4 (decimal 196)
   defining Unicode char U+00C5 (decimal 197)
   defining Unicode char U+00C6 (decimal 198)
   defining Unicode char U+00C7 (decimal 199)
   defining Unicode char U+00C8 (decimal 200)
   defining Unicode char U+00C9 (decimal 201)
   defining Unicode char U+00CA (decimal 202)
   defining Unicode char U+00CB (decimal 203)
   defining Unicode char U+00CC (decimal 204)
   defining Unicode char U+00CD (decimal 205)
   defining Unicode char U+00CE (decimal 206)
   defining Unicode char U+00CF (decimal 207)
   defining Unicode char U+00D0 (decimal 208)
   defining Unicode char U+00D1 (decimal 209)
   defining Unicode char U+00D2 (decimal 210)
   defining Unicode char U+00D3 (decimal 211)
   defining Unicode char U+00D4 (decimal 212)
   defining Unicode char U+00D5 (decimal 213)
   defining Unicode char U+00D6 (decimal 214)
   defining Unicode char U+00D8 (decimal 216)
   defining Unicode char U+00D9 (decimal 217)
   defining Unicode char U+00DA (decimal 218)
   defining Unicode char U+00DB (decimal 219)
   defining Unicode char U+00DC (decimal 220)
   defining Unicode char U+00DD (decimal 221)
   defining Unicode char U+00DE (decimal 222)
   defining Unicode char U+00DF (decimal 223)
   defining Unicode char U+00E0 (decimal 224)
   defining Unicode char U+00E1 (decimal 225)
   defining Unicode char U+00E2 (decimal 226)
   defining Unicode char U+00E3 (decimal 227)
   defining Unicode char U+00E4 (decimal 228)
   defining Unicode char U+00E5 (decimal 229)
   defining Unicode char U+00E6 (decimal 230)
   defining Unicode char U+00E7 (decimal 231)
   defining Unicode char U+00E8 (decimal 232)
   defining Unicode char U+00E9 (decimal 233)
   defining Unicode char U+00EA (decimal 234)
   defining Unicode char U+00EB (decimal 235)
   defining Unicode char U+00EC (decimal 236)
   defining Unicode char U+00ED (decimal 237)
   defining Unicode char U+00EE (decimal 238)
   defining Unicode char U+00EF (decimal 239)
   defining Unicode char U+00F0 (decimal 240)
   defining Unicode char U+00F1 (decimal 241)
   defining Unicode char U+00F2 (decimal 242)
   defining Unicode char U+00F3 (decimal 243)
   defining Unicode char U+00F4 (decimal 244)
   defining Unicode char U+00F5 (decimal 245)
   defining Unicode char U+00F6 (decimal 246)
   defining Unicode char U+00F8 (decimal 248)
   defining Unicode char U+00F9 (decimal 249)
   defining Unicode char U+00FA (decimal 250)
   defining Unicode char U+00FB (decimal 251)
   defining Unicode char U+00FC (decimal 252)
   defining Unicode char U+00FD (decimal 253)
   defining Unicode char U+00FE (decimal 254)
   defining Unicode char U+00FF (decimal 255)
   defining Unicode char U+0102 (decimal 258)
   defining Unicode char U+0103 (decimal 259)
   defining Unicode char U+0104 (decimal 260)
   defining Unicode char U+0105 (decimal 261)
   defining Unicode char U+0106 (decimal 262)
   defining Unicode char U+0107 (decimal 263)
   defining Unicode char U+010C (decimal 268)
   defining Unicode char U+010D (decimal 269)
   defining Unicode char U+010E (decimal 270)
   defining Unicode char U+010F (decimal 271)
   defining Unicode char U+0110 (decimal 272)
   defining Unicode char U+0111 (decimal 273)
   defining Unicode char U+0118 (decimal 280)
   defining Unicode char U+0119 (decimal 281)
   defining Unicode char U+011A (decimal 282)
   defining Unicode char U+011B (decimal 283)
   defining Unicode char U+011E (decimal 286)
   defining Unicode char U+011F (decimal 287)
   defining Unicode char U+0130 (decimal 304)
   defining Unicode char U+0131 (decimal 305)
   defining Unicode char U+0132 (decimal 306)
   defining Unicode char U+0133 (decimal 307)
   defining Unicode char U+0139 (decimal 313)
   defining Unicode char U+013A (decimal 314)
   defining Unicode char U+013D (decimal 317)
   defining Unicode char U+013E (decimal 318)
   defining Unicode char U+0141 (decimal 321)
   defining Unicode char U+0142 (decimal 322)
   defining Unicode char U+0143 (decimal 323)
   defining Unicode char U+0144 (decimal 324)
   defining Unicode char U+0147 (decimal 327)
   defining Unicode char U+0148 (decimal 328)
   defining Unicode char U+014A (decimal 330)
   defining Unicode char U+014B (decimal 331)
   defining Unicode char U+0150 (decimal 336)
   defining Unicode char U+0151 (decimal 337)
   defining Unicode char U+0152 (decimal 338)
   defining Unicode char U+0153 (decimal 339)
   defining Unicode char U+0154 (decimal 340)
   defining Unicode char U+0155 (decimal 341)
   defining Unicode char U+0158 (decimal 344)
   defining Unicode char U+0159 (decimal 345)
   defining Unicode char U+015A (decimal 346)
   defining Unicode char U+015B (decimal 347)
   defining Unicode char U+015E (decimal 350)
   defining Unicode char U+015F (decimal 351)
   defining Unicode char U+0160 (decimal 352)
   defining Unicode char U+0161 (decimal 353)
   defining Unicode char U+0162 (decimal 354)
   defining Unicode char U+0163 (decimal 355)
   defining Unicode char U+0164 (decimal 356)
   defining Unicode char U+0165 (decimal 357)
   defining Unicode char U+016E (decimal 366)
   defining Unicode char U+016F (decimal 367)
   defining Unicode char U+0170 (decimal 368)
   defining Unicode char U+0171 (decimal 369)
   defining Unicode char U+0178 (decimal 376)
   defining Unicode char U+0179 (decimal 377)
   defining Unicode char U+017A (decimal 378)
   defining Unicode char U+017B (decimal 379)
   defining Unicode char U+017C (decimal 380)
   defining Unicode char U+017D (decimal 381)
   defining Unicode char U+017E (decimal 382)
   defining Unicode char U+200C (decimal 8204)
   defining Unicode char U+2013 (decimal 8211)
   defining Unicode char U+2014 (decimal 8212)
   defining Unicode char U+2018 (decimal 8216)
   defining Unicode char U+2019 (decimal 8217)
   defining Unicode char U+201A (decimal 8218)
   defining Unicode char U+201C (decimal 8220)
   defining Unicode char U+201D (decimal 8221)
   defining Unicode char U+201E (decimal 8222)
   defining Unicode char U+2030 (decimal 8240)
   defining Unicode char U+2031 (decimal 8241)
   defining Unicode char U+2039 (decimal 8249)
   defining Unicode char U+203A (decimal 8250)
   defining Unicode char U+2423 (decimal 9251)
)
Now handling font encoding OT1 ...
... processing UTF-8 mapping file for font encoding OT1

(/usr/share/texmf-dist/tex/latex/base/ot1enc.dfu
File: ot1enc.dfu 2014/09/29 v1.1m UTF-8 support for inputenc
   defining Unicode char U+00A1 (decimal 161)
   defining Unicode char U+00A3 (decimal 163)
   defining Unicode char U+00B8 (decimal 184)
   defining Unicode char U+00BF (decimal 191)
   defining Unicode char U+00C5 (decimal 197)
   defining Unicode char U+00C6 (decimal 198)
   defining Unicode char U+00D8 (decimal 216)
   defining Unicode char U+00DF (decimal 223)
   defining Unicode char U+00E6 (decimal 230)
   defining Unicode char U+00EC (decimal 236)
   defining Unicode char U+00ED (decimal 237)
   defining Unicode char U+00EE (decimal 238)
   defining Unicode char U+00EF (decimal 239)
   defining Unicode char U+00F8 (decimal 248)
   defining Unicode char U+0131 (decimal 305)
   defining Unicode char U+0141 (decimal 321)
   defining Unicode char U+0142 (decimal 322)
   defining Unicode char U+0152 (decimal 338)
   defining Unicode char U+0153 (decimal 339)
   defining Unicode char U+2013 (decimal 8211)
   defining Unicode char U+2014 (decimal 8212)
   defining Unicode char U+2018 (decimal 8216)
   defining Unicode char U+2019 (decimal 8217)
   defining Unicode char U+201C (decimal 8220)
   defining Unicode char U+201D (decimal 8221)
)
Now handling font encoding OMS ...
... processing UTF-8 mapping file for font encoding OMS

(/usr/share/texmf-dist/tex/latex/base/omsenc.dfu
File: omsenc.dfu 2014/09/29 v1.1m UTF-8 support for inputenc
   defining Unicode char U+00A7 (decimal 167)
   defining Unicode char U+00B6 (decimal 182)
   defining Unicode char U+00B7 (decimal 183)
   defining Unicode char U+2020 (decimal 8224)
   defining Unicode char U+2021 (decimal 8225)
   defining Unicode char U+2022 (decimal 8226)
)
Now handling font encoding OMX ...
... no UTF-8 mapping file for font encoding OMX
Now handling font encoding U ...
... no UTF-8 mapping file for font encoding U
   defining Unicode char U+00A9 (decimal 169)
   defining Unicode char U+00AA (decimal 170)
   defining Unicode char U+00AE (decimal 174)
   defining Unicode char U+00BA (decimal 186)
   defining Unicode char U+02C6 (decimal 710)
   defining Unicode char U+02DC (decimal 732)
   defining Unicode char U+200C (decimal 8204)
   defining Unicode char U+2026 (decimal 8230)
   defining Unicode char U+2122 (decimal 8482)
   defining Unicode char U+2423 (decimal 9251)
))
(/usr/share/texmf-dist/tex/generic/babel/babel.sty
Package: babel 2014/09/25 3.9l The Babel package

(/usr/share/texmf-dist/tex/generic/babel-dutch/dutch.ldf
Language: dutch 2005/03/30 v3.8i Dutch support from the babel system

(/usr/share/texmf-dist/tex/generic/babel/babel.def
File: babel.def 2014/09/25 3.9l Babel common definitions
\babel@savecnt=\count88
\U@D=\dimen104
)
Package babel Info: Making " an active character on input line 132.
))
(/usr/share/texmf-dist/tex/latex/amscls/amsthm.sty
Package: amsthm 2015/03/04 v2.20.2
\thm@style=\toks17
\thm@bodyfont=\toks18
\thm@headfont=\toks19
\thm@notefont=\toks20
\thm@headpunct=\toks21
\thm@preskip=\skip57
\thm@postskip=\skip58
\thm@headsep=\skip59
\dth@everypar=\toks22
)
(/usr/share/texmf-dist/tex/latex/hyperref/hyperref.sty
Package: hyperref 2012/11/06 v6.83m Hypertext links for LaTeX

(/usr/share/texmf-dist/tex/generic/oberdiek/hobsub-hyperref.sty
Package: hobsub-hyperref 2012/05/28 v1.13 Bundle oberdiek, subset hyperref (HO)


(/usr/share/texmf-dist/tex/generic/oberdiek/hobsub-generic.sty
Package: hobsub-generic 2012/05/28 v1.13 Bundle oberdiek, subset generic (HO)
Package: hobsub 2012/05/28 v1.13 Construct package bundles (HO)
Package: infwarerr 2010/04/08 v1.3 Providing info/warning/error messages (HO)
Package: ltxcmds 2011/11/09 v1.22 LaTeX kernel commands for general use (HO)
Package: ifluatex 2010/03/01 v1.3 Provides the ifluatex switch (HO)
Package ifluatex Info: LuaTeX not detected.
Package: ifvtex 2010/03/01 v1.5 Detect VTeX and its facilities (HO)
Package ifvtex Info: VTeX not detected.
Package: intcalc 2007/09/27 v1.1 Expandable calculations with integers (HO)
Package: ifpdf 2011/01/30 v2.3 Provides the ifpdf switch (HO)
Package ifpdf Info: pdfTeX in PDF mode is detected.
Package: etexcmds 2011/02/16 v1.5 Avoid name clashes with e-TeX commands (HO)
Package etexcmds Info: Could not find \expanded.
(etexcmds)             That can mean that you are not using pdfTeX 1.50 or
(etexcmds)             that some package has redefined \expanded.
(etexcmds)             In the latter case, load this package earlier.
Package: kvsetkeys 2012/04/25 v1.16 Key value parser (HO)
Package: kvdefinekeys 2011/04/07 v1.3 Define keys (HO)
Package: pdftexcmds 2011/11/29 v0.20 Utility functions of pdfTeX for LuaTeX (HO
)
Package pdftexcmds Info: LuaTeX not detected.
Package pdftexcmds Info: \pdf@primitive is available.
Package pdftexcmds Info: \pdf@ifprimitive is available.
Package pdftexcmds Info: \pdfdraftmode found.
Package: pdfescape 2011/11/25 v1.13 Implements pdfTeX's escape features (HO)
Package: bigintcalc 2012/04/08 v1.3 Expandable calculations on big integers (HO
)
Package: bitset 2011/01/30 v1.1 Handle bit-vector datatype (HO)
Package: uniquecounter 2011/01/30 v1.2 Provide unlimited unique counter (HO)
)
Package hobsub Info: Skipping package `hobsub' (already loaded).
Package: letltxmacro 2010/09/02 v1.4 Let assignment for LaTeX macros (HO)
Package: hopatch 2012/05/28 v1.2 Wrapper for package hooks (HO)
Package: xcolor-patch 2011/01/30 xcolor patch
Package: atveryend 2011/06/30 v1.8 Hooks at the very end of document (HO)
Package atveryend Info: \enddocument detected (standard20110627).
Package: atbegshi 2011/10/05 v1.16 At begin shipout hook (HO)
Package: refcount 2011/10/16 v3.4 Data extraction from label references (HO)
Package: hycolor 2011/01/30 v1.7 Color options for hyperref/bookmark (HO)
)
(/usr/share/texmf-dist/tex/latex/graphics/keyval.sty
Package: keyval 2014/10/28 v1.15 key=value parser (DPC)
\KV@toks@=\toks23
)
(/usr/share/texmf-dist/tex/generic/ifxetex/ifxetex.sty
Package: ifxetex 2010/09/12 v0.6 Provides ifxetex conditional
)
(/usr/share/texmf-dist/tex/latex/oberdiek/auxhook.sty
Package: auxhook 2011/03/04 v1.3 Hooks for auxiliary files (HO)
)
(/usr/share/texmf-dist/tex/latex/oberdiek/kvoptions.sty
Package: kvoptions 2011/06/30 v3.11 Key value format for package options (HO)
)
\@linkdim=\dimen105
\Hy@linkcounter=\count89
\Hy@pagecounter=\count90

(/usr/share/texmf-dist/tex/latex/hyperref/pd1enc.def
File: pd1enc.def 2012/11/06 v6.83m Hyperref: PDFDocEncoding definition (HO)
Now handling font encoding PD1 ...
... no UTF-8 mapping file for font encoding PD1
)
\Hy@SavedSpaceFactor=\count91

(/usr/share/texmf-dist/tex/latex/latexconfig/hyperref.cfg
File: hyperref.cfg 2002/06/06 v1.2 hyperref configuration of TeXLive
)
Package hyperref Info: Hyper figures OFF on input line 4443.
Package hyperref Info: Link nesting OFF on input line 4448.
Package hyperref Info: Hyper index ON on input line 4451.
Package hyperref Info: Plain pages OFF on input line 4458.
Package hyperref Info: Backreferencing OFF on input line 4463.
Package hyperref Info: Implicit mode ON; LaTeX internals redefined.
Package hyperref Info: Bookmarks ON on input line 4688.
\c@Hy@tempcnt=\count92

(/usr/share/texmf-dist/tex/latex/url/url.sty
\Urlmuskip=\muskip10
Package: url 2013/09/16  ver 3.4  Verb mode for urls, etc.
)
LaTeX Info: Redefining \url on input line 5041.
\XeTeXLinkMargin=\dimen106
\Fld@menulength=\count93
\Field@Width=\dimen107
\Fld@charsize=\dimen108
Package hyperref Info: Hyper figures OFF on input line 6295.
Package hyperref Info: Link nesting OFF on input line 6300.
Package hyperref Info: Hyper index ON on input line 6303.
Package hyperref Info: backreferencing OFF on input line 6310.
Package hyperref Info: Link coloring OFF on input line 6315.
Package hyperref Info: Link coloring with OCG OFF on input line 6320.
Package hyperref Info: PDF/A mode OFF on input line 6325.
LaTeX Info: Redefining \ref on input line 6365.
LaTeX Info: Redefining \pageref on input line 6369.
\Hy@abspage=\count94
\c@Item=\count95
\c@Hfootnote=\count96
)

Package hyperref Message: Driver (autodetected): hpdftex.

(/usr/share/texmf-dist/tex/latex/hyperref/hpdftex.def
File: hpdftex.def 2012/11/06 v6.83m Hyperref driver for pdfTeX
\Fld@listcount=\count97
\c@bookmark@seq@number=\count98

(/usr/share/texmf-dist/tex/latex/oberdiek/rerunfilecheck.sty
Package: rerunfilecheck 2011/04/15 v1.7 Rerun checks for auxiliary files (HO)
Package uniquecounter Info: New unique counter `rerunfilecheck' on input line 2
82.
)
\Hy@SectionHShift=\skip60
)
(/usr/share/texmf-dist/tex/latex/tools/enumerate.sty
Package: enumerate 2014/10/28 v3.00 enumerate extensions (DPC)
\@enLab=\toks24
)
(/usr/share/texmf-dist/tex/latex/mathtools/mathtools.sty
Package: mathtools 2015/05/11 v1.16 mathematical typesetting tools

(/usr/share/texmf-dist/tex/latex/tools/calc.sty
Package: calc 2014/10/28 v4.3 Infix arithmetic (KKT,FJ)
\calc@Acount=\count99
\calc@Bcount=\count100
\calc@Adimen=\dimen109
\calc@Bdimen=\dimen110
\calc@Askip=\skip61
\calc@Bskip=\skip62
LaTeX Info: Redefining \setlength on input line 80.
LaTeX Info: Redefining \addtolength on input line 81.
\calc@Ccount=\count101
\calc@Cskip=\skip63
)
(/usr/share/texmf-dist/tex/latex/mathtools/mhsetup.sty
Package: mhsetup 2010/01/21 v1.2a programming setup (MH)
)
(/usr/share/texmf-dist/tex/latex/amsmath/amsmath.sty
Package: amsmath 2013/01/14 v2.14 AMS math features
\@mathmargin=\skip64

For additional information on amsmath, use the `?' option.
(/usr/share/texmf-dist/tex/latex/amsmath/amstext.sty
Package: amstext 2000/06/29 v2.01

(/usr/share/texmf-dist/tex/latex/amsmath/amsgen.sty
File: amsgen.sty 1999/11/30 v2.0
\@emptytoks=\toks25
\ex@=\dimen111
))
(/usr/share/texmf-dist/tex/latex/amsmath/amsbsy.sty
Package: amsbsy 1999/11/29 v1.2d
\pmbraise@=\dimen112
)
(/usr/share/texmf-dist/tex/latex/amsmath/amsopn.sty
Package: amsopn 1999/12/14 v2.01 operator names
)
\inf@bad=\count102
LaTeX Info: Redefining \frac on input line 210.
\uproot@=\count103
\leftroot@=\count104
LaTeX Info: Redefining \overline on input line 306.
\classnum@=\count105
\DOTSCASE@=\count106
LaTeX Info: Redefining \ldots on input line 378.
LaTeX Info: Redefining \dots on input line 381.
LaTeX Info: Redefining \cdots on input line 466.
\Mathstrutbox@=\box26
\strutbox@=\box27
\big@size=\dimen113
LaTeX Font Info:    Redeclaring font encoding OML on input line 566.
LaTeX Font Info:    Redeclaring font encoding OMS on input line 567.
\macc@depth=\count107
\c@MaxMatrixCols=\count108
\dotsspace@=\muskip11
\c@parentequation=\count109
\dspbrk@lvl=\count110
\tag@help=\toks26
\row@=\count111
\column@=\count112
\maxfields@=\count113
\andhelp@=\toks27
\eqnshift@=\dimen114
\alignsep@=\dimen115
\tagshift@=\dimen116
\tagwidth@=\dimen117
\totwidth@=\dimen118
\lineht@=\dimen119
\@envbody=\toks28
\multlinegap=\skip65
\multlinetaggap=\skip66
\mathdisplay@stack=\toks29
LaTeX Info: Redefining \[ on input line 2665.
LaTeX Info: Redefining \] on input line 2666.
)
LaTeX Info: Thecontrolsequence`\('isalreadyrobust on input line 129.
LaTeX Info: Thecontrolsequence`\)'isalreadyrobust on input line 129.
LaTeX Info: Thecontrolsequence`\['isalreadyrobust on input line 129.
LaTeX Info: Thecontrolsequence`\]'isalreadyrobust on input line 129.
\g_MT_multlinerow_int=\count114
\l_MT_multwidth_dim=\dimen120
\origjot=\skip67
\l_MT_shortvdotswithinadjustabove_dim=\dimen121
\l_MT_shortvdotswithinadjustbelow_dim=\dimen122
\l_MT_above_intertext_sep=\dimen123
\l_MT_below_intertext_sep=\dimen124
\l_MT_above_shortintertext_sep=\dimen125
\l_MT_below_shortintertext_sep=\dimen126
)
(/usr/share/texmf-dist/tex/latex/graphics/graphicx.sty
Package: graphicx 2014/10/28 v1.0g Enhanced LaTeX Graphics (DPC,SPQR)

(/usr/share/texmf-dist/tex/latex/graphics/graphics.sty
Package: graphics 2014/10/28 v1.0p Standard LaTeX Graphics (DPC,SPQR)

(/usr/share/texmf-dist/tex/latex/graphics/trig.sty
Package: trig 1999/03/16 v1.09 sin cos tan (DPC)
)
(/usr/share/texmf-dist/tex/latex/latexconfig/graphics.cfg
File: graphics.cfg 2010/04/23 v1.9 graphics configuration of TeX Live
)
Package graphics Info: Driver file: pdftex.def on input line 94.

(/usr/share/texmf-dist/tex/latex/pdftex-def/pdftex.def
File: pdftex.def 2011/05/27 v0.06d Graphics/color for pdfTeX
\Gread@gobject=\count115
))
\Gin@req@height=\dimen127
\Gin@req@width=\dimen128
)
(/usr/share/texmf-dist/tex/latex/float/float.sty
Package: float 2001/11/08 v1.3d Float enhancements (AL)
\c@float@type=\count116
\float@exts=\toks30
\float@box=\box28
\@float@everytoks=\toks31
\@floatcapt=\box29
)
(/usr/share/texmf-dist/tex/latex/pgf/frontendlayer/tikz.sty
(/usr/share/texmf-dist/tex/latex/pgf/basiclayer/pgf.sty
(/usr/share/texmf-dist/tex/latex/pgf/utilities/pgfrcs.sty
(/usr/share/texmf-dist/tex/generic/pgf/utilities/pgfutil-common.tex
\pgfutil@everybye=\toks32
\pgfutil@tempdima=\dimen129
\pgfutil@tempdimb=\dimen130

(/usr/share/texmf-dist/tex/generic/pgf/utilities/pgfutil-common-lists.tex))
(/usr/share/texmf-dist/tex/generic/pgf/utilities/pgfutil-latex.def
\pgfutil@abb=\box30

(/usr/share/texmf-dist/tex/latex/ms/everyshi.sty
Package: everyshi 2001/05/15 v3.00 EveryShipout Package (MS)
))
(/usr/share/texmf-dist/tex/generic/pgf/utilities/pgfrcs.code.tex
Package: pgfrcs 2013/12/20 v3.0.0 (rcs-revision 1.28)
))
Package: pgf 2013/12/18 v3.0.0 (rcs-revision 1.14)

(/usr/share/texmf-dist/tex/latex/pgf/basiclayer/pgfcore.sty
(/usr/share/texmf-dist/tex/latex/pgf/systemlayer/pgfsys.sty
(/usr/share/texmf-dist/tex/generic/pgf/systemlayer/pgfsys.code.tex
Package: pgfsys 2013/11/30 v3.0.0 (rcs-revision 1.47)

(/usr/share/texmf-dist/tex/generic/pgf/utilities/pgfkeys.code.tex
\pgfkeys@pathtoks=\toks33
\pgfkeys@temptoks=\toks34

(/usr/share/texmf-dist/tex/generic/pgf/utilities/pgfkeysfiltered.code.tex
\pgfkeys@tmptoks=\toks35
))
\pgf@x=\dimen131
\pgf@y=\dimen132
\pgf@xa=\dimen133
\pgf@ya=\dimen134
\pgf@xb=\dimen135
\pgf@yb=\dimen136
\pgf@xc=\dimen137
\pgf@yc=\dimen138
\w@pgf@writea=\write3
\r@pgf@reada=\read1
\c@pgf@counta=\count117
\c@pgf@countb=\count118
\c@pgf@countc=\count119
\c@pgf@countd=\count120
\t@pgf@toka=\toks36
\t@pgf@tokb=\toks37
\t@pgf@tokc=\toks38

(/usr/share/texmf-dist/tex/generic/pgf/systemlayer/pgf.cfg
File: pgf.cfg 2008/05/14  (rcs-revision 1.7)
)
Driver file for pgf: pgfsys-pdftex.def

(/usr/share/texmf-dist/tex/generic/pgf/systemlayer/pgfsys-pdftex.def
File: pgfsys-pdftex.def 2013/07/18  (rcs-revision 1.33)

(/usr/share/texmf-dist/tex/generic/pgf/systemlayer/pgfsys-common-pdf.def
File: pgfsys-common-pdf.def 2013/10/10  (rcs-revision 1.13)
)))
(/usr/share/texmf-dist/tex/generic/pgf/systemlayer/pgfsyssoftpath.code.tex
File: pgfsyssoftpath.code.tex 2013/09/09  (rcs-revision 1.9)
\pgfsyssoftpath@smallbuffer@items=\count121
\pgfsyssoftpath@bigbuffer@items=\count122
)
(/usr/share/texmf-dist/tex/generic/pgf/systemlayer/pgfsysprotocol.code.tex
File: pgfsysprotocol.code.tex 2006/10/16  (rcs-revision 1.4)
))
(/usr/share/texmf-dist/tex/latex/xcolor/xcolor.sty
Package: xcolor 2007/01/21 v2.11 LaTeX color extensions (UK)

(/usr/share/texmf-dist/tex/latex/latexconfig/color.cfg
File: color.cfg 2007/01/18 v1.5 color configuration of teTeX/TeXLive
)
Package xcolor Info: Driver file: pdftex.def on input line 225.
Package xcolor Info: Model `cmy' substituted by `cmy0' on input line 1337.
Package xcolor Info: Model `hsb' substituted by `rgb' on input line 1341.
Package xcolor Info: Model `RGB' extended on input line 1353.
Package xcolor Info: Model `HTML' substituted by `rgb' on input line 1355.
Package xcolor Info: Model `Hsb' substituted by `hsb' on input line 1356.
Package xcolor Info: Model `tHsb' substituted by `hsb' on input line 1357.
Package xcolor Info: Model `HSB' substituted by `hsb' on input line 1358.
Package xcolor Info: Model `Gray' substituted by `gray' on input line 1359.
Package xcolor Info: Model `wave' substituted by `hsb' on input line 1360.
)
(/usr/share/texmf-dist/tex/generic/pgf/basiclayer/pgfcore.code.tex
Package: pgfcore 2010/04/11 v3.0.0 (rcs-revision 1.7)

(/usr/share/texmf-dist/tex/generic/pgf/math/pgfmath.code.tex
(/usr/share/texmf-dist/tex/generic/pgf/math/pgfmathcalc.code.tex
(/usr/share/texmf-dist/tex/generic/pgf/math/pgfmathutil.code.tex)
(/usr/share/texmf-dist/tex/generic/pgf/math/pgfmathparser.code.tex
\pgfmath@dimen=\dimen139
\pgfmath@count=\count123
\pgfmath@box=\box31
\pgfmath@toks=\toks39
\pgfmath@stack@operand=\toks40
\pgfmath@stack@operation=\toks41
)
(/usr/share/texmf-dist/tex/generic/pgf/math/pgfmathfunctions.code.tex
(/usr/share/texmf-dist/tex/generic/pgf/math/pgfmathfunctions.basic.code.tex)
(/usr/share/texmf-dist/tex/generic/pgf/math/pgfmathfunctions.trigonometric.code
.tex)
(/usr/share/texmf-dist/tex/generic/pgf/math/pgfmathfunctions.random.code.tex)
(/usr/share/texmf-dist/tex/generic/pgf/math/pgfmathfunctions.comparison.code.te
x) (/usr/share/texmf-dist/tex/generic/pgf/math/pgfmathfunctions.base.code.tex)
(/usr/share/texmf-dist/tex/generic/pgf/math/pgfmathfunctions.round.code.tex)
(/usr/share/texmf-dist/tex/generic/pgf/math/pgfmathfunctions.misc.code.tex)
(/usr/share/texmf-dist/tex/generic/pgf/math/pgfmathfunctions.integerarithmetics
.code.tex))) (/usr/share/texmf-dist/tex/generic/pgf/math/pgfmathfloat.code.tex
\c@pgfmathroundto@lastzeros=\count124
)) (/usr/share/texmf-dist/tex/generic/pgf/basiclayer/pgfcorepoints.code.tex
File: pgfcorepoints.code.tex 2013/10/07  (rcs-revision 1.27)
\pgf@picminx=\dimen140
\pgf@picmaxx=\dimen141
\pgf@picminy=\dimen142
\pgf@picmaxy=\dimen143
\pgf@pathminx=\dimen144
\pgf@pathmaxx=\dimen145
\pgf@pathminy=\dimen146
\pgf@pathmaxy=\dimen147
\pgf@xx=\dimen148
\pgf@xy=\dimen149
\pgf@yx=\dimen150
\pgf@yy=\dimen151
\pgf@zx=\dimen152
\pgf@zy=\dimen153
)
(/usr/share/texmf-dist/tex/generic/pgf/basiclayer/pgfcorepathconstruct.code.tex
File: pgfcorepathconstruct.code.tex 2013/10/07  (rcs-revision 1.29)
\pgf@path@lastx=\dimen154
\pgf@path@lasty=\dimen155
) (/usr/share/texmf-dist/tex/generic/pgf/basiclayer/pgfcorepathusage.code.tex
File: pgfcorepathusage.code.tex 2013/12/13  (rcs-revision 1.23)
\pgf@shorten@end@additional=\dimen156
\pgf@shorten@start@additional=\dimen157
)
(/usr/share/texmf-dist/tex/generic/pgf/basiclayer/pgfcorescopes.code.tex
File: pgfcorescopes.code.tex 2013/10/09  (rcs-revision 1.44)
\pgfpic=\box32
\pgf@hbox=\box33
\pgf@layerbox@main=\box34
\pgf@picture@serial@count=\count125
)
(/usr/share/texmf-dist/tex/generic/pgf/basiclayer/pgfcoregraphicstate.code.tex
File: pgfcoregraphicstate.code.tex 2013/09/19  (rcs-revision 1.11)
\pgflinewidth=\dimen158
)
(/usr/share/texmf-dist/tex/generic/pgf/basiclayer/pgfcoretransformations.code.t
ex
File: pgfcoretransformations.code.tex 2013/10/10  (rcs-revision 1.17)
\pgf@pt@x=\dimen159
\pgf@pt@y=\dimen160
\pgf@pt@temp=\dimen161
) (/usr/share/texmf-dist/tex/generic/pgf/basiclayer/pgfcorequick.code.tex
File: pgfcorequick.code.tex 2008/10/09  (rcs-revision 1.3)
)
(/usr/share/texmf-dist/tex/generic/pgf/basiclayer/pgfcoreobjects.code.tex
File: pgfcoreobjects.code.tex 2006/10/11  (rcs-revision 1.2)
)
(/usr/share/texmf-dist/tex/generic/pgf/basiclayer/pgfcorepathprocessing.code.te
x
File: pgfcorepathprocessing.code.tex 2013/09/09  (rcs-revision 1.9)
) (/usr/share/texmf-dist/tex/generic/pgf/basiclayer/pgfcorearrows.code.tex
File: pgfcorearrows.code.tex 2013/11/07  (rcs-revision 1.40)
\pgfarrowsep=\dimen162
)
(/usr/share/texmf-dist/tex/generic/pgf/basiclayer/pgfcoreshade.code.tex
File: pgfcoreshade.code.tex 2013/07/15  (rcs-revision 1.15)
\pgf@max=\dimen163
\pgf@sys@shading@range@num=\count126
)
(/usr/share/texmf-dist/tex/generic/pgf/basiclayer/pgfcoreimage.code.tex
File: pgfcoreimage.code.tex 2013/07/15  (rcs-revision 1.18)

(/usr/share/texmf-dist/tex/generic/pgf/basiclayer/pgfcoreexternal.code.tex
File: pgfcoreexternal.code.tex 2013/07/15  (rcs-revision 1.20)
\pgfexternal@startupbox=\box35
))
(/usr/share/texmf-dist/tex/generic/pgf/basiclayer/pgfcorelayers.code.tex
File: pgfcorelayers.code.tex 2013/07/18  (rcs-revision 1.7)
)
(/usr/share/texmf-dist/tex/generic/pgf/basiclayer/pgfcoretransparency.code.tex
File: pgfcoretransparency.code.tex 2013/09/30  (rcs-revision 1.5)
) (/usr/share/texmf-dist/tex/generic/pgf/basiclayer/pgfcorepatterns.code.tex
File: pgfcorepatterns.code.tex 2013/11/07  (rcs-revision 1.5)
)))
(/usr/share/texmf-dist/tex/generic/pgf/modules/pgfmoduleshapes.code.tex
File: pgfmoduleshapes.code.tex 2013/10/31  (rcs-revision 1.34)
\pgfnodeparttextbox=\box36
)
(/usr/share/texmf-dist/tex/generic/pgf/modules/pgfmoduleplot.code.tex
File: pgfmoduleplot.code.tex 2013/07/31  (rcs-revision 1.12)
)
(/usr/share/texmf-dist/tex/latex/pgf/compatibility/pgfcomp-version-0-65.sty
Package: pgfcomp-version-0-65 2007/07/03 v3.0.0 (rcs-revision 1.7)
\pgf@nodesepstart=\dimen164
\pgf@nodesepend=\dimen165
)
(/usr/share/texmf-dist/tex/latex/pgf/compatibility/pgfcomp-version-1-18.sty
Package: pgfcomp-version-1-18 2007/07/23 v3.0.0 (rcs-revision 1.1)
))
(/usr/share/texmf-dist/tex/latex/pgf/utilities/pgffor.sty
(/usr/share/texmf-dist/tex/latex/pgf/utilities/pgfkeys.sty
(/usr/share/texmf-dist/tex/generic/pgf/utilities/pgfkeys.code.tex))
(/usr/share/texmf-dist/tex/latex/pgf/math/pgfmath.sty
(/usr/share/texmf-dist/tex/generic/pgf/math/pgfmath.code.tex))
(/usr/share/texmf-dist/tex/generic/pgf/utilities/pgffor.code.tex
Package: pgffor 2013/12/13 v3.0.0 (rcs-revision 1.25)

(/usr/share/texmf-dist/tex/generic/pgf/math/pgfmath.code.tex)
\pgffor@iter=\dimen166
\pgffor@skip=\dimen167
\pgffor@stack=\toks42
\pgffor@toks=\toks43
))
(/usr/share/texmf-dist/tex/generic/pgf/frontendlayer/tikz/tikz.code.tex
Package: tikz 2013/12/13 v3.0.0 (rcs-revision 1.142)

(/usr/share/texmf-dist/tex/generic/pgf/libraries/pgflibraryplothandlers.code.te
x
File: pgflibraryplothandlers.code.tex 2013/08/31 v3.0.0 (rcs-revision 1.20)
\pgf@plot@mark@count=\count127
\pgfplotmarksize=\dimen168
)
\tikz@lastx=\dimen169
\tikz@lasty=\dimen170
\tikz@lastxsaved=\dimen171
\tikz@lastysaved=\dimen172
\tikzleveldistance=\dimen173
\tikzsiblingdistance=\dimen174
\tikz@figbox=\box37
\tikz@figbox@bg=\box38
\tikz@tempbox=\box39
\tikz@tempbox@bg=\box40
\tikztreelevel=\count128
\tikznumberofchildren=\count129
\tikznumberofcurrentchild=\count130
\tikz@fig@count=\count131
 (/usr/share/texmf-dist/tex/generic/pgf/modules/pgfmodulematrix.code.tex
File: pgfmodulematrix.code.tex 2013/09/17  (rcs-revision 1.8)
\pgfmatrixcurrentrow=\count132
\pgfmatrixcurrentcolumn=\count133
\pgf@matrix@numberofcolumns=\count134
)
\tikz@expandcount=\count135

(/usr/share/texmf-dist/tex/generic/pgf/frontendlayer/tikz/libraries/tikzlibrary
topaths.code.tex
File: tikzlibrarytopaths.code.tex 2008/06/17 v3.0.0 (rcs-revision 1.2)
))) (/usr/share/texmf-dist/tex/latex/pgfplots/pgfplots.sty
(/usr/share/texmf-dist/tex/generic/pgfplots/pgfplots.revision.tex)
Package: pgfplots 2015/05/02 v1.12.1 Data Visualization (1.12.1)

(/usr/share/texmf-dist/tex/generic/pgfplots/pgfplots.code.tex
(/usr/share/texmf-dist/tex/generic/pgfplots/pgfplotscore.code.tex
\t@pgfplots@toka=\toks44
\t@pgfplots@tokb=\toks45
\t@pgfplots@tokc=\toks46
\pgfplots@tmpa=\dimen175
\c@pgfplots@coordindex=\count136
\c@pgfplots@scanlineindex=\count137

(/usr/share/texmf-dist/tex/generic/pgfplots/sys/pgfplotssysgeneric.code.tex))
(/usr/share/texmf-dist/tex/generic/pgfplots/libs/pgfplotslibrary.code.tex)
(/usr/share/texmf-dist/tex/generic/pgfplots/oldpgfcompatib/pgfplotsoldpgfsupp_l
oader.code.tex
(/usr/share/texmf-dist/tex/generic/pgf/libraries/pgflibraryfpu.code.tex)
Package pgfplots: loading complementary arithmetics for your pgf version...

(/usr/share/texmf-dist/tex/generic/pgfplots/oldpgfcompatib/pgfplotsoldpgfsupp_p
gflibraryfpu.code.tex)
(/usr/share/texmf-dist/tex/generic/pgfplots/oldpgfcompatib/pgfplotsoldpgfsupp_p
gfmathfloat.code.tex
\c@pgfmathroundto@lastzeros=\count138
)
(/usr/share/texmf-dist/tex/generic/pgfplots/oldpgfcompatib/pgfplotsoldpgfsupp_t
rig_format.code.tex))
(/usr/share/texmf-dist/tex/generic/pgfplots/util/pgfplotsutil.code.tex
(/usr/share/texmf-dist/tex/generic/pgfplots/liststructure/pgfplotsliststructure
.code.tex)
(/usr/share/texmf-dist/tex/generic/pgfplots/liststructure/pgfplotsliststructure
ext.code.tex)
(/usr/share/texmf-dist/tex/generic/pgfplots/liststructure/pgfplotsarray.code.te
x
\c@pgfplotsarray@tmp=\count139
)
(/usr/share/texmf-dist/tex/generic/pgfplots/liststructure/pgfplotsmatrix.code.t
ex)
(/usr/share/texmf-dist/tex/generic/pgfplots/numtable/pgfplotstableshared.code.t
ex
\c@pgfplotstable@counta=\count140
\t@pgfplotstable@a=\toks47
)
(/usr/share/texmf-dist/tex/generic/pgfplots/liststructure/pgfplotsdeque.code.te
x) (/usr/share/texmf-dist/tex/generic/pgfplots/util/pgfplotsbinary.code.tex
(/usr/share/texmf-dist/tex/generic/pgfplots/util/pgfplotsbinary.data.code.tex))
(/usr/share/texmf-dist/tex/generic/pgfplots/util/pgfplotsutil.verb.code.tex)
(/usr/share/texmf-dist/tex/generic/pgfplots/libs/pgflibrarypgfplots.surfshading
.code.tex
\c@pgfplotslibrarysurf@no=\count141

(/usr/share/texmf-dist/tex/generic/pgfplots/sys/pgflibrarypgfplots.surfshading.
pgfsys-pdftex.def)))
(/usr/share/texmf-dist/tex/generic/pgfplots/util/pgfplotscolormap.code.tex
(/usr/share/texmf-dist/tex/generic/pgfplots/util/pgfplotscolor.code.tex))
(/usr/share/texmf-dist/tex/generic/pgfplots/pgfplotsstackedplots.code.tex)
(/usr/share/texmf-dist/tex/generic/pgfplots/pgfplotsplothandlers.code.tex
(/usr/share/texmf-dist/tex/generic/pgfplots/pgfplotsmeshplothandler.code.tex))
(/usr/share/texmf-dist/tex/generic/pgfplots/pgfplots.scaling.code.tex)
(/usr/share/texmf-dist/tex/generic/pgfplots/pgfplotscoordprocessing.code.tex)
(/usr/share/texmf-dist/tex/generic/pgfplots/pgfplots.errorbars.code.tex)
(/usr/share/texmf-dist/tex/generic/pgfplots/pgfplots.markers.code.tex)
(/usr/share/texmf-dist/tex/generic/pgfplots/pgfplotsticks.code.tex)
(/usr/share/texmf-dist/tex/generic/pgfplots/pgfplots.paths.code.tex)
(/usr/share/texmf-dist/tex/generic/pgf/frontendlayer/tikz/libraries/tikzlibrary
decorations.code.tex
(/usr/share/texmf-dist/tex/generic/pgf/modules/pgfmoduledecorations.code.tex
\pgfdecoratedcompleteddistance=\dimen176
\pgfdecoratedremainingdistance=\dimen177
\pgfdecoratedinputsegmentcompleteddistance=\dimen178
\pgfdecoratedinputsegmentremainingdistance=\dimen179
\pgf@decorate@distancetomove=\dimen180
\pgf@decorate@repeatstate=\count142
\pgfdecorationsegmentamplitude=\dimen181
\pgfdecorationsegmentlength=\dimen182
)
\tikz@lib@dec@box=\box41
)
(/usr/share/texmf-dist/tex/generic/pgf/frontendlayer/tikz/libraries/tikzlibrary
decorations.pathmorphing.code.tex
(/usr/share/texmf-dist/tex/generic/pgf/libraries/decorations/pgflibrarydecorati
ons.pathmorphing.code.tex))
(/usr/share/texmf-dist/tex/generic/pgf/frontendlayer/tikz/libraries/tikzlibrary
decorations.pathreplacing.code.tex
(/usr/share/texmf-dist/tex/generic/pgf/libraries/decorations/pgflibrarydecorati
ons.pathreplacing.code.tex))
\pgfplots@numplots=\count143
\pgfplots@xmin@reg=\dimen183
\pgfplots@xmax@reg=\dimen184
\pgfplots@ymin@reg=\dimen185
\pgfplots@ymax@reg=\dimen186
\pgfplots@zmin@reg=\dimen187
\pgfplots@zmax@reg=\dimen188
)
(/usr/share/texmf-dist/tex/generic/pgf/frontendlayer/tikz/libraries/tikzlibrary
plotmarks.code.tex
File: tikzlibraryplotmarks.code.tex 2008/01/09 v3.0.0 (rcs-revision 1.1)

(/usr/share/texmf-dist/tex/generic/pgf/libraries/pgflibraryplotmarks.code.tex
File: pgflibraryplotmarks.code.tex 2013/07/20 v3.0.0 (rcs-revision 1.13)
))) (/usr/share/texmf-dist/tex/latex/pgfplots/pgfplotstable.sty
(/usr/share/texmf-dist/tex/generic/pgfplots/pgfplots.revision.tex)
Package: pgfplotstable 2015/05/02 v1.12.1 Table typesetting and Pretty-printing
 (1.12.1)

(/usr/share/texmf-dist/tex/generic/pgfplots/numtable/pgfplotstable.code.tex
(/usr/share/texmf-dist/tex/generic/pgfplots/numtable/pgfplotstable.coltype.code
.tex)) (/usr/share/texmf-dist/tex/latex/tools/array.sty
Package: array 2014/10/28 v2.4c Tabular extension package (FMi)
\col@sep=\dimen189
\extrarowheight=\dimen190
\NC@list=\toks48
\extratabsurround=\skip68
\backup@length=\skip69
))
(/usr/share/texmf-dist/tex/latex/bigfoot/perpage.sty
Package: perpage 2014/10/25 2.0 Reset/sort counters per page
\c@abspage=\count144
)
\c@pp@a@footnote=\count145

(/usr/share/texmf-dist/tex/generic/pgf/frontendlayer/tikz/libraries/tikzlibrary
shapes.geometric.code.tex
File: tikzlibraryshapes.geometric.code.tex 2008/01/09 v3.0.0 (rcs-revision 1.1)


(/usr/share/texmf-dist/tex/generic/pgf/libraries/shapes/pgflibraryshapes.geomet
ric.code.tex
File: pgflibraryshapes.geometric.code.tex 2008/06/26 v3.0.0 (rcs-revision 1.1)
))
(/usr/share/texmf-dist/tex/generic/pgf/frontendlayer/tikz/libraries/tikzlibrary
arrows.code.tex
File: tikzlibraryarrows.code.tex 2008/01/09 v3.0.0 (rcs-revision 1.1)

(/usr/share/texmf-dist/tex/generic/pgf/libraries/pgflibraryarrows.code.tex
File: pgflibraryarrows.code.tex 2013/09/23 v3.0.0 (rcs-revision 1.16)
\arrowsize=\dimen191
))
(/usr/share/texmf-dist/tex/generic/pgf/frontendlayer/tikz/libraries/tikzlibrary
fit.code.tex
File: tikzlibraryfit.code.tex 2013/07/12 v3.0.0 (rcs-revision 1.5)
)
(/usr/share/texmf-dist/tex/generic/pgf/frontendlayer/tikz/libraries/tikzlibrary
matrix.code.tex
File: tikzlibrarymatrix.code.tex 2013/07/12 v3.0.0 (rcs-revision 1.4)
)
(/usr/share/texmf-dist/tex/generic/pgf/frontendlayer/tikz/libraries/tikzlibrary
positioning.code.tex
File: tikzlibrarypositioning.code.tex 2008/10/06 v3.0.0 (rcs-revision 1.7)
)
\c@opgave=\count146
\c@geval=\count147
\c@stelling=\count148
\c@deelresultaat=\count149
 (./verslag.aux)
\openout1 = `verslag.aux'.

LaTeX Font Info:    Checking defaults for OML/cmm/m/it on input line 34.
LaTeX Font Info:    ... okay on input line 34.
LaTeX Font Info:    Checking defaults for T1/cmr/m/n on input line 34.
LaTeX Font Info:    ... okay on input line 34.
LaTeX Font Info:    Checking defaults for OT1/cmr/m/n on input line 34.
LaTeX Font Info:    ... okay on input line 34.
LaTeX Font Info:    Checking defaults for OMS/cmsy/m/n on input line 34.
LaTeX Font Info:    ... okay on input line 34.
LaTeX Font Info:    Checking defaults for OMX/cmex/m/n on input line 34.
LaTeX Font Info:    ... okay on input line 34.
LaTeX Font Info:    Checking defaults for U/cmr/m/n on input line 34.
LaTeX Font Info:    ... okay on input line 34.
LaTeX Font Info:    Checking defaults for PD1/pdf/m/n on input line 34.
LaTeX Font Info:    ... okay on input line 34.
Package ragged2e Info: ABD: executing \RaggedRight on input line 34.
 ABD: EverySelectfont initializing macros
LaTeX Info: Redefining \selectfont on input line 34.
\AtBeginShipoutBox=\box42
Package hyperref Info: Link coloring OFF on input line 34.

(/usr/share/texmf-dist/tex/latex/hyperref/nameref.sty
Package: nameref 2012/10/27 v2.43 Cross-referencing by name of section

(/usr/share/texmf-dist/tex/generic/oberdiek/gettitlestring.sty
Package: gettitlestring 2010/12/03 v1.4 Cleanup title references (HO)
)
\c@section@level=\count150
)
LaTeX Info: Redefining \ref on input line 34.
LaTeX Info: Redefining \pageref on input line 34.
LaTeX Info: Redefining \nameref on input line 34.
 (./verslag.out) (./verslag.out)
\@outlinefile=\write4
\openout4 = `verslag.out'.

 (/usr/share/texmf-dist/tex/context/base/supp-pdf.mkii
[Loading MPS to PDF converter (version 2006.09.02).]
\scratchcounter=\count151
\scratchdimen=\dimen192
\scratchbox=\box43
\nofMPsegments=\count152
\nofMParguments=\count153
\everyMPshowfont=\toks49
\MPscratchCnt=\count154
\MPscratchDim=\dimen193
\MPnumerator=\count155
\makeMPintoPDFobject=\count156
\everyMPtoPDFconversion=\toks50
) (/usr/share/texmf-dist/tex/latex/oberdiek/epstopdf-base.sty
Package: epstopdf-base 2010/02/09 v2.5 Base part for package epstopdf

(/usr/share/texmf-dist/tex/latex/oberdiek/grfext.sty
Package: grfext 2010/08/19 v1.1 Manage graphics extensions (HO)
)
Package grfext Info: Graphics extension search list:
(grfext)             [.png,.pdf,.jpg,.mps,.jpeg,.jbig2,.jb2,.PNG,.PDF,.JPG,.JPE
G,.JBIG2,.JB2,.eps]
(grfext)             \AppendGraphicsExtensions on input line 452.

(/usr/share/texmf-dist/tex/latex/latexconfig/epstopdf-sys.cfg
File: epstopdf-sys.cfg 2010/07/13 v1.3 Configuration of (r)epstopdf for TeX Liv
e
))
ABD: EveryShipout initializing macros
Package pgfplots notification 'compat/show suggested version=true': you might b
enefit from \pgfplotsset{compat=1.12} (current compat level: 1.10).

Package babel Info: Redefining dutch shorthand "|
(babel)             in language append on input line 36.
Package babel Info: Redefining dutch shorthand "~
(babel)             in language append on input line 36.
Package babel Info: Redefining dutch shorthand "|
(babel)             in language append on input line 36.
Package babel Info: Redefining dutch shorthand "~
(babel)             in language append on input line 36.
[1

{/var/lib/texmf/fonts/map/pdftex/updmap/pdftex.map}]
Package babel Info: Redefining dutch shorthand "|
(babel)             in language append on input line 37.
Package babel Info: Redefining dutch shorthand "~
(babel)             in language append on input line 37.

Overfull \hbox (2.7197pt too wide) in paragraph at lines 39--41
[][]\OT1/cmr/bx/n/12 Opgave 1. []\OT1/cmr/m/it/12 Geen top in een blad-zeep-bel
 heeft een kind in een an-dere zeep-bel.  
 []


Overfull \hbox (7.9681pt too wide) in paragraph at lines 41--44
\OML/cmm/m/it/12 $ \OT1/cmr/m/n/12 naar de wor-tel be-vat. We kun-nen de vol-g
ende twee ge-val-len on-der-schei-den:  
 []


Overfull \hbox (7.77965pt too wide) in paragraph at lines 45--49
[]\OT1/cmr/m/n/12 Zeepbel $\OML/cmm/m/it/12 ^^L$ \OT1/cmr/m/n/12 be-vat een top
 zon-der kin-de-ren en is dus een blad-zeep-bel. 
 []


Overfull \hbox (4.91812pt too wide) in paragraph at lines 45--49
\OT1/cmr/m/n/12 be-vat. Het ge-stelde is dus vals. Het is on-mo-ge-lijk voor ee
n blad-zeep-bel 
 []


Overfull \hbox (8.8389pt too wide) in paragraph at lines 58--59
[][]\OT1/cmr/bx/n/12 Opgave 2. []\OT1/cmr/m/it/12 Wat is de maxi-male diepte va
n een $\OML/cmm/m/it/12 k$\OT1/cmr/m/it/12 -zeepbelboom met $\OML/cmm/m/it/12 n
$ \OT1/cmr/m/it/12 sleu-tels?  
 []


Overfull \hbox (8.7976pt too wide) in paragraph at lines 77--78
[]\OT1/cmr/m/n/12 Stel $\OML/cmm/m/it/12 d[]$ \OT1/cmr/m/n/12 de diepte in top-
pen van een zeep-bel-boom. $\OML/cmm/m/it/12 d[]$ \OT1/cmr/m/n/12 be-reikt een 
maxi-mum 
 []


Overfull \hbox (13.43489pt too wide) in paragraph at lines 77--78
\OT1/cmr/m/n/12 zeep-bel maxi-mum ^^Se^^Sen kind in de-zelfde zeep-bel be-vat. 
De an-dere zeep-bel-len 
 []

Package babel Info: Redefining dutch shorthand "|
(babel)             in language append on input line 78.
Package babel Info: Redefining dutch shorthand "~
(babel)             in language append on input line 78.
Package babel Info: Redefining dutch shorthand "|
(babel)             in language append on input line 78.
Package babel Info: Redefining dutch shorthand "~
(babel)             in language append on input line 78.
[2]
Package babel Info: Redefining dutch shorthand "|
(babel)             in language append on input line 151.
Package babel Info: Redefining dutch shorthand "~
(babel)             in language append on input line 151.
Package babel Info: Redefining dutch shorthand "|
(babel)             in language append on input line 151.
Package babel Info: Redefining dutch shorthand "~
(babel)             in language append on input line 151.
 [3]
Overfull \hbox (53.80669pt too wide) in paragraph at lines 161--164
\OT1/cmr/m/n/12 ge-beu-ren. In dit ge-val heeft deze be-wer-king de-zelfde tijd
s- en ge-heu-gen-com-plexi-teit 
 []


Overfull \hbox (0.24892pt too wide) in paragraph at lines 165--170
\OT1/cmr/m/n/12 De ma-nier waarop de zeep-bel ge-splitst wordt ver-schilt per i
m-ple-men-ta-tie 
 []

LaTeX Font Info:    Try loading font information for OMS+cmr on input line 171.

(/usr/share/texmf-dist/tex/latex/base/omscmr.fd
File: omscmr.fd 2014/09/29 v2.5h Standard LaTeX font definitions
)
LaTeX Font Info:    Font shape `OMS/cmr/m/n' in size <12> not available
(Font)              Font shape `OMS/cmsy/m/n' tried instead on input line 171.

Overfull \hbox (3.15161pt too wide) in paragraph at lines 171--176
\OT1/cmr/m/n/12 uit-ge-voerd zo-dat dit wel zo is. Ver-vol-gens wordt de zeep-b
el ge-splitst 
 []


Overfull \hbox (21.88614pt too wide) in paragraph at lines 171--176
\OT1/cmr/m/n/12 nu ook over-vol zit. Als de oude wor-tel ook de wor-tel van de 
zee-bel-boom 
 []

Package babel Info: Redefining dutch shorthand "|
(babel)             in language append on input line 181.
Package babel Info: Redefining dutch shorthand "~
(babel)             in language append on input line 181.
Package babel Info: Redefining dutch shorthand "|
(babel)             in language append on input line 181.
Package babel Info: Redefining dutch shorthand "~
(babel)             in language append on input line 181.
[4]
Overfull \hbox (2.52887pt too wide) in paragraph at lines 183--186
[]\OT1/cmr/bx/n/12 Zeepbelboom2 \OT1/cmr/m/n/12 splitst door eerst de zeep-bel-
boom zo goed mo-ge-lijk 
 []


Overfull \hbox (26.9472pt too wide) in paragraph at lines 183--186
\OT1/cmr/m/n/12 com-pleet mo-ge-lijke bi-naire boom. Daarna wordt net zo-als Ze
ep-bel-boom1 
 []


Overfull \hbox (5.40106pt too wide) in paragraph at lines 189--194
[]\OT1/cmr/bx/n/12 Zeepbelboom3 \OT1/cmr/m/n/12 ba-lan-ceerd net zo-als Zeep-be
l-boom2 eerst de top-pen 
 []

Package babel Info: Redefining dutch shorthand "|
(babel)             in language append on input line 199.
Package babel Info: Redefining dutch shorthand "~
(babel)             in language append on input line 199.
Package babel Info: Redefining dutch shorthand "|
(babel)             in language append on input line 199.
Package babel Info: Redefining dutch shorthand "~
(babel)             in language append on input line 199.
[5]
Overfull \hbox (39.21935pt too wide) in paragraph at lines 205--207
[]\OT1/cmr/m/n/12 De drie ge-ba-lan-ceerde zeep-bel-bo-men ge-brui-ken al-le-dr
ie de-zelfde op-zoek-me-thode, 
 []


Overfull \hbox (24.69727pt too wide) in paragraph at lines 208--213
\OT1/cmr/m/n/12 ge-von-den heb-ben of tot we niet meer ver-der kun-n-nen af-da-
len in de zoek-boom 
 []


Overfull \hbox (16.33763pt too wide) in paragraph at lines 214--218
[]\OT1/cmr/m/n/12 In het slecht-ste ge-val zit het item dat wordt ge-zocht niet
 in de zeep-bel-boom 
 []


Overfull \hbox (28.67917pt too wide) in paragraph at lines 214--218
\OT1/cmr/m/n/12 be-slui-ten dat het op-zoe-ken van een ele-ment in een ge-ba-la
n-ceerde zeep-bel-boom 
 []


Overfull \hbox (16.60039pt too wide) in paragraph at lines 221--222
[][]\OT1/cmr/bx/n/12 Opgave 4. []\OT1/cmr/m/it/12 Be-paal voor semi-splay zeep-
bel-bo-men de slechtste-geval com-plexi-teit 
 []


Overfull \hbox (35.41086pt too wide) in paragraph at lines 225--227
\OT1/cmr/m/n/12 verst van de wor-tel be-vind is dan ge-lijk aan het aan-tal zee
p-bel-len ver-me-nig-vul-digd 
 []

Package babel Info: Redefining dutch shorthand "|
(babel)             in language append on input line 233.
Package babel Info: Redefining dutch shorthand "~
(babel)             in language append on input line 233.
Package babel Info: Redefining dutch shorthand "|
(babel)             in language append on input line 233.
Package babel Info: Redefining dutch shorthand "~
(babel)             in language append on input line 233.
[6]
Overfull \hbox (10.34445pt too wide) in paragraph at lines 237--241
\OT1/cmr/m/n/12 uit de drie ge-se-lec-teerde zeep-bel-len in in-orde over-lo-pe
n en in een lijst ge-stopt. 
 []


Overfull \hbox (3.81258pt too wide) in paragraph at lines 237--241
\OT1/cmr/m/n/12 grootte van een zeep-bel. Ver-vol-gens wordt deze lijst op-ge-d
eeld in drie lijs-ten 
 []


Overfull \hbox (17.05412pt too wide) in paragraph at lines 237--241
\OT1/cmr/m/n/12 van lengte $\OML/cmm/m/it/12 k$ \OT1/cmr/m/n/12 en wor-den van 
deze lijs-ten drie com-plete ge-ba-lan-ceerde zeep-bel-len 
 []


Overfull \hbox (1.30145pt too wide) in paragraph at lines 251--256
\OT1/cmr/m/n/12 zit moet deze ge-ba-lan-ceerd wor-den. Dit ge-beurt ook in con-
stante 
 []

Package babel Info: Redefining dutch shorthand "|
(babel)             in language append on input line 267.
Package babel Info: Redefining dutch shorthand "~
(babel)             in language append on input line 267.
Package babel Info: Redefining dutch shorthand "|
(babel)             in language append on input line 267.
Package babel Info: Redefining dutch shorthand "~
(babel)             in language append on input line 267.
[7]
Overfull \hbox (8.20992pt too wide) in paragraph at lines 269--274
\OT1/cmr/m/n/12 de-fi-nie-ren we $\OML/cmm/m/it/12 A[]\OT1/cmr/m/n/12 (\OML/cmm
/m/it/12 z\OT1/cmr/m/n/12 )$ als het aan-tal zeep-bel-len in de deel-boom be-st
aande 
 []


Overfull \hbox (56.55643pt too wide) in paragraph at lines 280--281
[]\OT1/cmr/m/n/12 Als tij-dens het semi-splayen als ge-volg van een toevoeg- of
 op-zoek-be-wer-king 
 []

Package babel Info: Redefining dutch shorthand "|
(babel)             in language append on input line 297.
Package babel Info: Redefining dutch shorthand "~
(babel)             in language append on input line 297.
Package babel Info: Redefining dutch shorthand "|
(babel)             in language append on input line 297.
Package babel Info: Redefining dutch shorthand "~
(babel)             in language append on input line 297.
[8]
Package babel Info: Redefining dutch shorthand "|
(babel)             in language append on input line 298.
Package babel Info: Redefining dutch shorthand "~
(babel)             in language append on input line 298.
Package babel Info: Redefining dutch shorthand "|
(babel)             in language append on input line 301.
Package babel Info: Redefining dutch shorthand "~
(babel)             in language append on input line 301.
Package babel Info: Redefining dutch shorthand "|
(babel)             in language append on input line 302.
Package babel Info: Redefining dutch shorthand "~
(babel)             in language append on input line 302.

Overfull \hbox (27.50816pt too wide) in paragraph at lines 303--310
\OT1/cmr/m/n/12 Mijn bi-naire boom be-staat in-tern uit top-pen die hun ou-der,
 lin-ker en rech-ter-kind 
 []


Overfull \hbox (25.4256pt too wide) in paragraph at lines 303--310
\OT1/cmr/m/n/12 op \OT1/cmtt/m/n/12 null \OT1/cmr/m/n/12 zet. Een top be-vat oo
k een boole-aanse waarde \OT1/cmtt/m/n/12 removed \OT1/cmr/m/n/12 die func-ti-o
-neert 
 []


Overfull \hbox (4.63063pt too wide) in paragraph at lines 303--310
\OT1/cmr/m/n/12 als graf-steen. Daar-naast be-vat ie-dere top ook een ver-wij-z
ing naar de zeep-bel 
 []


Overfull \hbox (5.19287pt too wide) in paragraph at lines 312--315
\OT1/cmr/m/n/12 Als ar-gu-men-ten wordt er een \OT1/cmtt/m/n/12 consumer \OT1/c
mr/m/n/12 en een \OT1/cmtt/m/n/12 predicate \OT1/cmr/m/n/12 mee-ge-ge-ven. 
 []


Overfull \hbox (33.45255pt too wide) in paragraph at lines 312--315
\OT1/cmr/m/n/12 Zo-dra een top bij het tra-ver-se-ren van de stack komt wordt d
eze door-ge-ge-ven 
 []


Overfull \hbox (15.34131pt too wide) in paragraph at lines 315--317
[]\OT1/cmr/m/n/12 maakt ge-bruik van bo-ven-staande me-thode om de kin-de-ren 
 []


Overfull \hbox (12.84503pt too wide) in paragraph at lines 315--317
\OT1/cmr/m/n/12 aan de \OT1/cmtt/m/n/12 predicate\OT1/cmr/m/n/12 . Wan-neer een
 top vol-doet maar ^^Se^^Sen van zijn kin-de-ren 
 []

Package babel Info: Redefining dutch shorthand "|
(babel)             in language append on input line 318.
Package babel Info: Redefining dutch shorthand "~
(babel)             in language append on input line 318.

Overfull \hbox (2.1501pt too wide) in paragraph at lines 319--324
\OT1/cmr/m/n/12 houdt en-kel zijn wor-tel bij en het aan-tal top-pen dat deze b
e-zit. Een zeep-bel 
 []


Overfull \hbox (37.41655pt too wide) in paragraph at lines 319--324
\OT1/cmr/m/n/12 heeft ook de me-tho-des \OT1/cmtt/m/n/12 topAdded() \OT1/cmr/m/
n/12 en \OT1/cmtt/m/n/12 topsRemoved() \OT1/cmr/m/n/12 die de zeep-bel waar-sch
u-wen 
 []


Overfull \hbox (39.89502pt too wide) in paragraph at lines 319--324
\OT1/cmr/m/n/12 wan-neer er top-pen bij-ge-ko-men of weg-ge-val-len zijn. Als d
e me-thode \OT1/cmtt/m/n/12 balanceBubble 
 []

Package babel Info: Redefining dutch shorthand "|
(babel)             in language append on input line 324.
Package babel Info: Redefining dutch shorthand "~
(babel)             in language append on input line 324.
Package babel Info: Redefining dutch shorthand "|
(babel)             in language append on input line 324.
Package babel Info: Redefining dutch shorthand "~
(babel)             in language append on input line 324.
[9]
Package babel Info: Redefining dutch shorthand "|
(babel)             in language append on input line 324.
Package babel Info: Redefining dutch shorthand "~
(babel)             in language append on input line 324.

Overfull \hbox (5.50978pt too wide) in paragraph at lines 325--327
\OT1/cmr/m/n/12 In de ab-stracte klasse Zeep-bel-boom zit de ge-meen-schap-pe-l
ijke func-ti-o-na-li-teit 
 []


Overfull \hbox (37.03862pt too wide) in paragraph at lines 325--327
\OT1/cmr/m/n/12 die alle zeepbelboom-implementaties de-len. Ik geef wat uit-leg
 over de be-lang-rijk-ste 
 []


Overfull \hbox (0.97511pt too wide) in paragraph at lines 328--329
\OT1/cmr/m/n/12 in de javadoc-header. Deze me-thode wordt door alle ba-sis-be-w
er-kin-gen 
 []


Overfull \hbox (19.40536pt too wide) in paragraph at lines 329--331
\OT1/cmr/m/n/12 toe-ge-voegd aan de boom. Die me-thode is ab-stract \OT1/cmtt/m
/n/12 ShrinkingBubbleTree 
 []

Package babel Info: Redefining dutch shorthand "|
(babel)             in language append on input line 336.
Package babel Info: Redefining dutch shorthand "~
(babel)             in language append on input line 336.

Overfull \hbox (37.89139pt too wide) in paragraph at lines 337--341
\OT1/cmr/m/n/12 me-thode wordt op-ger-o-pen wan-neer er zeep-bel te vol zit doo
r een toe-voeg-be-wer-king 
 []

Package babel Info: Redefining dutch shorthand "|
(babel)             in language append on input line 342.
Package babel Info: Redefining dutch shorthand "~
(babel)             in language append on input line 342.
Package babel Info: Redefining dutch shorthand "|
(babel)             in language append on input line 342.
Package babel Info: Redefining dutch shorthand "~
(babel)             in language append on input line 342.
[10]
Overfull \hbox (11.02779pt too wide) in paragraph at lines 348--350
\OT1/cmr/m/n/12 vast te zit-ten bij het de-bug-gen. Deze code kun je nog al-tij
d te-rug-vin-den 
 []

Package babel Info: Redefining dutch shorthand "|
(babel)             in language append on input line 357.
Package babel Info: Redefining dutch shorthand "~
(babel)             in language append on input line 357.
Package babel Info: Redefining dutch shorthand "|
(babel)             in language append on input line 364.
Package babel Info: Redefining dutch shorthand "~
(babel)             in language append on input line 364.
Package babel Info: Redefining dutch shorthand "|
(babel)             in language append on input line 364.
Package babel Info: Redefining dutch shorthand "~
(babel)             in language append on input line 364.
[11]
Overfull \hbox (20.66772pt too wide) in paragraph at lines 367--367
[]\OT1/cmr/bx/n/17.28 Implementaties ge-ba-lan-ceerde zeep-bel-bo-men  
 []

Package babel Info: Redefining dutch shorthand "|
(babel)             in language append on input line 367.
Package babel Info: Redefining dutch shorthand "~
(babel)             in language append on input line 367.
Package babel Info: Redefining dutch shorthand "|
(babel)             in language append on input line 369.
Package babel Info: Redefining dutch shorthand "~
(babel)             in language append on input line 369.

Overfull \hbox (7.85976pt too wide) in paragraph at lines 370--376
\OT1/cmr/m/n/12 Wanneer de wor-tel van de zeep-bel twee kin-de-ren heeft die in
 de-zelfde zeep-bel 
 []


Overfull \hbox (3.42508pt too wide) in paragraph at lines 370--376
\OT1/cmr/m/n/12 van de zeep-bel-boom was, en dus geen bo-ven-lig-gende zeep-bel
 had, dan wordt 
 []

Package babel Info: Redefining dutch shorthand "|
(babel)             in language append on input line 376.
Package babel Info: Redefining dutch shorthand "~
(babel)             in language append on input line 376.

Overfull \hbox (40.35196pt too wide) in paragraph at lines 377--379
\OT1/cmr/m/n/12 Voor de zeep-bel ge-splitst wordt wordt deze eerst ge-ba-lan-ce
erd met \OT1/cmtt/m/n/12 balanceBubble\OT1/cmr/m/n/12 . 
 []

Package babel Info: Redefining dutch shorthand "|
(babel)             in language append on input line 379.
Package babel Info: Redefining dutch shorthand "~
(babel)             in language append on input line 379.

Overfull \hbox (0.814pt too wide) in paragraph at lines 380--386
\OT1/cmr/m/n/12 voe-gen aan de bo-ven-lig-gende zeep-bel dat die ver-plicht wor
dt om te split-sen.  
 []

Package babel Info: Redefining dutch shorthand "|
(babel)             in language append on input line 386.
Package babel Info: Redefining dutch shorthand "~
(babel)             in language append on input line 386.
Package babel Info: Redefining dutch shorthand "|
(babel)             in language append on input line 386.
Package babel Info: Redefining dutch shorthand "~
(babel)             in language append on input line 386.
[12]
Package babel Info: Redefining dutch shorthand "|
(babel)             in language append on input line 386.
Package babel Info: Redefining dutch shorthand "~
(babel)             in language append on input line 386.
Package babel Info: Redefining dutch shorthand "|
(babel)             in language append on input line 387.
Package babel Info: Redefining dutch shorthand "~
(babel)             in language append on input line 387.

Overfull \hbox (3.42091pt too wide) in paragraph at lines 392--396
\OT1/cmr/m/n/12 ge-vuld is wordt ze ge-ba-lan-ceerd. Is de zeep-bel van de ou-d
er al vol-le-dig 
 []


Overfull \hbox (17.75128pt too wide) in paragraph at lines 400--403
\OT1/cmr/m/n/12 ges-played. Eerst wordt de zeep-bel ge-se-lec-teerd waar-toe de
 mee-ge-ven 
 []


Overfull \hbox (33.12195pt too wide) in paragraph at lines 400--403
\OT1/cmr/m/n/12 top be-hoort. Is deze zeep-bel niet com-pleet dan wordt zijn ou
-der-zeep-bel 
 []


Overfull \hbox (19.22209pt too wide) in paragraph at lines 400--403
\OT1/cmr/m/n/12 van de laatst ge-se-lec-teerde zeep-bel en zijn ou-der-zeep-bel
 ge-se-lec-teerd.  
 []


Overfull \hbox (24.64009pt too wide) in paragraph at lines 403--405
\OT1/cmr/m/n/12 ge-sto-ken door ze in in-orde te over-lo-pen. Ook wor-den de ki
n-der-top-pen 
 []


Overfull \hbox (1.432pt too wide) in paragraph at lines 405--406
[]\OT1/cmr/m/n/12 Deze lijst wordt ver-vol-gens in drie ge-deeld en van deze de
el-lijs-ten 
 []


Overfull \hbox (9.49164pt too wide) in paragraph at lines 407--408
[]\OT1/cmr/m/n/12 Als laat-ste stap wordt de bo-ven-ste van deze nieuwe drie ze
ep-bel-len 
 []


Overfull \hbox (7.40694pt too wide) in paragraph at lines 407--408
\OT1/cmr/m/n/12 ge-slec-teerd om te splayen zo-dat de vol-gende ite-ra-tie kan 
be-gin-nen.  
 []

Package babel Info: Redefining dutch shorthand "|
(babel)             in language append on input line 408.
Package babel Info: Redefining dutch shorthand "~
(babel)             in language append on input line 408.
Package babel Info: Redefining dutch shorthand "|
(babel)             in language append on input line 408.
Package babel Info: Redefining dutch shorthand "~
(babel)             in language append on input line 408.
[13]
Package babel Info: Redefining dutch shorthand "|
(babel)             in language append on input line 412.
Package babel Info: Redefining dutch shorthand "~
(babel)             in language append on input line 412.
Package babel Info: Redefining dutch shorthand "|
(babel)             in language append on input line 412.
Package babel Info: Redefining dutch shorthand "~
(babel)             in language append on input line 412.
 [14]
Package babel Info: Redefining dutch shorthand "|
(babel)             in language append on input line 413.
Package babel Info: Redefining dutch shorthand "~
(babel)             in language append on input line 413.

Overfull \hbox (47.48296pt too wide) in paragraph at lines 414--415
\OT1/cmr/m/n/12 Nu vol-gen de re-sul-ta-ten van en-kele tes-ten die ik heb uit-
ge-voerd op de zeep-bel-bo-men.  
 []


Overfull \hbox (2.76814pt too wide) in paragraph at lines 416--417
\OT1/cmr/m/n/12 Mijn test-re-sul-ta-ten heb ik ver-kre-gen door ge-bruik te ma-
ken van de vol-gende 
 []


Overfull \hbox (1.72577pt too wide) in paragraph at lines 418--420
[]\OT1/cmr/m/n/12 : klasse die de tij-den en pa-ra-me-ters van de ver-schil-len
de tes-ten 
 []


Overfull \hbox (10.5014pt too wide) in paragraph at lines 426--430
\OT1/cmr/m/n/12 Algemeen lo-pen deze tes-ten als volgt: Eerst wordt de in-put a
an-ge-maakt 
 []


Overfull \hbox (12.82082pt too wide) in paragraph at lines 426--430
\OT1/cmr/m/n/12 Ver-vol-gens wordt ie-dere bewerking---toevoegen, op-zoe-ken en
 ver-wij-de-ren 
 []


Overfull \hbox (40.02763pt too wide) in paragraph at lines 430--431
[]\OT1/cmr/m/n/12 : deze klasse be-vat de \OT1/cmtt/m/n/12 main() \OT1/cmr/m/n/
12 me-thode voor de ex-pe-ri-men-ten. 
 []


Overfull \hbox (9.6264pt too wide) in paragraph at lines 432--435
\OT1/cmr/m/n/12 Om de meet-re-sul-ta-ten zo sta-biel mo-ge-lijk te hou-den heb 
ik het ge-hele pro-ject 
 []


Overfull \hbox (15.32239pt too wide) in paragraph at lines 432--435
\OT1/cmr/m/n/12 ge-com-pi-leerd in een \OT1/cmtt/m/n/12 jar\OT1/cmr/m/n/12 -bes
tand. Dit ge-com-pi-leerde be-stand heb ik ver-vol-gens 
 []


Overfull \hbox (3.78203pt too wide) in paragraph at lines 432--435
\OT1/cmr/m/n/12 een paar uur la-ten draaien op een linux-machine. Door-mid-del 
van de kernel- 
 []


Overfull \hbox (3.24083pt too wide) in paragraph at lines 432--435
\OT1/cmtt/m/n/12 taskset \OT1/cmr/m/n/12 de ex-pe-ri-men-ten heb kun-nen uit-vo
e-ren op en-kel deze pro-cess-or-kern 
 []

Package babel Info: Redefining dutch shorthand "|
(babel)             in language append on input line 435.
Package babel Info: Redefining dutch shorthand "~
(babel)             in language append on input line 435.
Package babel Info: Redefining dutch shorthand "|
(babel)             in language append on input line 435.
Package babel Info: Redefining dutch shorthand "~
(babel)             in language append on input line 435.
[15]
PGFPlots: reading {testresults/Zeepbelboom1_K500_Ktest.dat}
PGFPlots: reading {testresults/Zeepbelboom2_K500_Ktest.dat}
PGFPlots: reading {testresults/Zeepbelboom3_K500_Ktest.dat}

Underfull \hbox (badness 2591) in paragraph at lines 449--449
[]\OT1/cmr/m/n/12 Figuur 1: []Toevoegen van $100\OML/cmm/m/it/12 :\OT1/cmr/m/n/
12 000$ items aan een ge-ba-lan-ceerde 
 []

PGFPlots: reading {testresults/Zeepbelboom1_K500_Ktest.dat}
PGFPlots: reading {testresults/Zeepbelboom2_K500_Ktest.dat}
PGFPlots: reading {testresults/Zeepbelboom3_K500_Ktest.dat}
PGFPlots: reading {testresults/Zeepbelboom1_K500_Ktest.dat}
PGFPlots: reading {testresults/Zeepbelboom2_K500_Ktest.dat}
PGFPlots: reading {testresults/Zeepbelboom3_K500_Ktest.dat}

Underfull \hbox (badness 2253) in paragraph at lines 477--477
[]\OT1/cmr/m/n/12 Figuur 3: []$100\OML/cmm/m/it/12 :\OT1/cmr/m/n/12 000$ ele-me
n-ten ver-wij-de-ren uit een ge-ba-lan-ceerde 
 []

Package babel Info: Redefining dutch shorthand "|
(babel)             in language append on input line 479.
Package babel Info: Redefining dutch shorthand "~
(babel)             in language append on input line 479.
Package babel Info: Redefining dutch shorthand "|
(babel)             in language append on input line 479.
Package babel Info: Redefining dutch shorthand "~
(babel)             in language append on input line 479.
[16pdfTeX warning (ext4): destination with the same identifier (name{figure.1})
 has been already used, duplicate ignored

\AtBegShi@Output ...ipout \box \AtBeginShipoutBox 
                                                  \fi \fi 
l.479     \end{figure}
                      ]
Overfull \hbox (8.4167pt too wide) in paragraph at lines 481--486
\OT1/cmr/m/n/12 Zeep-bel-boom1 de beste tij-den heeft. Dit komt door-dat er vee
l min-der top-pen 
 []


Overfull \hbox (40.2372pt too wide) in paragraph at lines 481--486
\OT1/cmr/m/n/12 er meer plaats is in de nieuwe zeep-bel-len. Hier-door zul-len 
er min-der split-sings-ac-ties 
 []

Package babel Info: Redefining dutch shorthand "|
(babel)             in language append on input line 486.
Package babel Info: Redefining dutch shorthand "~
(babel)             in language append on input line 486.
Package babel Info: Redefining dutch shorthand "|
(babel)             in language append on input line 486.
Package babel Info: Redefining dutch shorthand "~
(babel)             in language append on input line 486.
[17pdfTeX warning (ext4): destination with the same identifier (name{figure.2})
 has been already used, duplicate ignored

\AtBegShi@Output ...ipout \box \AtBeginShipoutBox 
                                                  \fi \fi 
l.486     \paragraph
                    {Opzoeken}pdfTeX warning (ext4): destination with the same 
identifier (name{figure.3}) has been already used, duplicate ignored

\AtBegShi@Output ...ipout \box \AtBeginShipoutBox 
                                                  \fi \fi 
l.486     \paragraph
                    {Opzoeken}]
PGFPlots: reading {testresults/Zeepbelboom3_K500_parentOverflow_Ktest.dat}
PGFPlots: reading {testresults/Zeepbelboom3_K500_maxPushUp5_Ktest.dat}
PGFPlots: reading {testresults/Zeepbelboom3_K500_maxPushUp5_parentOverflow_Ktes
t.dat}
PGFPlots: reading {testresults/Zeepbelboom3_K500_Ktest.dat}
Package babel Info: Redefining dutch shorthand "|
(babel)             in language append on input line 512.
Package babel Info: Redefining dutch shorthand "~
(babel)             in language append on input line 512.
Package babel Info: Redefining dutch shorthand "|
(babel)             in language append on input line 512.
Package babel Info: Redefining dutch shorthand "~
(babel)             in language append on input line 512.
 [18]
Overfull \hbox (4.40424pt too wide) in paragraph at lines 512--516
\OT1/cmr/m/n/12 min-der nieuwe zeep-bel-len bij-ko-men waar-door er vlug-ger ge
-splitst zal moe-ten 
 []


Overfull \hbox (0.95708pt too wide) in paragraph at lines 512--516
\OT1/cmr/m/n/12 wor-den. Wan-neer deze $\OML/cmm/m/it/12 k$ \OT1/cmr/m/n/12 gro
-ter wordt is dit maxi-mum be-ter. Er is na-me-lijk 
 []

PGFPlots: reading {testresults/Zeepbelboom4_K500_Ktest.dat}
PGFPlots: reading {testresults/Zeepbelboom4_K500_Ktest.dat}
Package babel Info: Redefining dutch shorthand "|
(babel)             in language append on input line 529.
Package babel Info: Redefining dutch shorthand "~
(babel)             in language append on input line 529.
Package babel Info: Redefining dutch shorthand "|
(babel)             in language append on input line 529.
Package babel Info: Redefining dutch shorthand "~
(babel)             in language append on input line 529.
[19pdfTeX warning (ext4): destination with the same identifier (name{figure.4})
 has been already used, duplicate ignored

\AtBegShi@Output ...ipout \box \AtBeginShipoutBox 
                                                  \fi \fi 
l.529     I
           k was enorm verbaasd toen ik figuur \ref{figSemi} zag.]
Overfull \hbox (1.0751pt too wide) in paragraph at lines 533--536
\OT1/cmr/m/n/12 re-sul-ta-ten met me-de-leer-lin-gen heb-ben ze mij ver-teld da
t hun Zeep-bel-boom4 
 []


Overfull \hbox (33.122pt too wide) in paragraph at lines 533--536
\OT1/cmr/m/n/12 Ik heb he-laas geen tijd meer om dit fe-no-meen te on-der-zoe-k
en, maar waar-schijn-lijk 
 []


Overfull \hbox (0.15706pt too wide) in paragraph at lines 537--541
\OT1/cmr/m/n/12 ge-beu-ren. Als er meer op-zoe-kin-gen ge-beu-ren is het be-ter
 om Zeep-bel-boom2 
 []

Package babel Info: Redefining dutch shorthand "|
(babel)             in language append on input line 541.
Package babel Info: Redefining dutch shorthand "~
(babel)             in language append on input line 541.
Package babel Info: Redefining dutch shorthand "|
(babel)             in language append on input line 541.
Package babel Info: Redefining dutch shorthand "~
(babel)             in language append on input line 541.
[20pdfTeX warning (ext4): destination with the same identifier (name{figure.5})
 has been already used, duplicate ignored

\AtBegShi@Output ...ipout \box \AtBeginShipoutBox 
                                                  \fi \fi 
l.541     \end{document}
                        ]
Package babel Info: Redefining dutch shorthand "|
(babel)             in language append on input line 541.
Package babel Info: Redefining dutch shorthand "~
(babel)             in language append on input line 541.
Package babel Info: Redefining dutch shorthand "|
(babel)             in language append on input line 541.
Package babel Info: Redefining dutch shorthand "~
(babel)             in language append on input line 541.
 [21]
Package atveryend Info: Empty hook `BeforeClearDocument' on input line 541.
Package atveryend Info: Empty hook `AfterLastShipout' on input line 541.
 (./verslag.aux)
Package atveryend Info: Executing hook `AtVeryEndDocument' on input line 541.
Package atveryend Info: Executing hook `AtEndAfterFileList' on input line 541.
Package rerunfilecheck Info: File `verslag.out' has not changed.
(rerunfilecheck)             Checksum: 8678861D61881A5E12797D1E384FB7F8;894.
Package atveryend Info: Empty hook `AtVeryVeryEnd' on input line 541.
 ) 
Here is how much of TeX's memory you used:
 28291 strings out of 493089
 675606 string characters out of 6140693
 1376159 words of memory out of 5000000
 31216 multiletter control sequences out of 15000+600000
 10983 words of font info for 40 fonts, out of 8000000 for 9000
 1141 hyphenation exceptions out of 8191
 57i,19n,103p,733b,2257s stack positions out of 5000i,500n,10000p,200000b,80000s
</usr/share/texmf-dist/fonts/type1/public/amsfonts/cm/cmbx12.pfb></usr/share/
texmf-dist/fonts/type1/public/amsfonts/cm/cmex10.pfb></usr/share/texmf-dist/fon
ts/type1/public/amsfonts/cm/cmmi12.pfb></usr/share/texmf-dist/fonts/type1/publi
c/amsfonts/cm/cmmi8.pfb></usr/share/texmf-dist/fonts/type1/public/amsfonts/cm/c
mr10.pfb></usr/share/texmf-dist/fonts/type1/public/amsfonts/cm/cmr12.pfb></usr/
share/texmf-dist/fonts/type1/public/amsfonts/cm/cmr17.pfb></usr/share/texmf-dis
t/fonts/type1/public/amsfonts/cm/cmr7.pfb></usr/share/texmf-dist/fonts/type1/pu
blic/amsfonts/cm/cmr8.pfb></usr/share/texmf-dist/fonts/type1/public/amsfonts/cm
/cmsy10.pfb></usr/share/texmf-dist/fonts/type1/public/amsfonts/cm/cmsy8.pfb></u
sr/share/texmf-dist/fonts/type1/public/amsfonts/cm/cmti12.pfb></usr/share/texmf
-dist/fonts/type1/public/amsfonts/cm/cmtt12.pfb>
Output written on verslag.pdf (21 pages, 386665 bytes).
PDF statistics:
 279 PDF objects out of 1000 (max. 8388607)
 240 compressed objects within 3 object streams
 74 named destinations out of 1000 (max. 500000)
 133 words of extra memory for PDF output out of 10000 (max. 10000000)

